Started by user [8mha:////4Os3Qum0k+v+iwxPaVjsTCgaIyY3nj4o66pD3+L3infTAAAAlx+LCAAAAAAAAP9b85aBtbiIQTGjNKU4P08vOT+vOD8nVc83PyU1x6OyILUoJzMv2y+/JJUBAhiZGBgqihhk0NSjKDWzXb3RdlLBUSYGJk8GtpzUvPSSDB8G5tKinBIGIZ+sxLJE/ZzEvHT94JKizLx0a6BxUmjGOUNodHsLgAzWEgZu/dLi1CL9gsS8lEQACjKVYMAAAAA=[0mpanda
Running as SYSTEM
Building remotely on [8mha:////4HmGzG8lNFyk4x0fjfgJSIZfm9of0EIbeMpiC0zMXBXoAAAAmx+LCAAAAAAAAP9b85aBtbiIQTGjNKU4P08vOT+vOD8nVc83PyU1x6OyILUoJzMv2y+/JJUBAhiZGBgqihhk0NSjKDWzXb3RdlLBUSYGJk8GtpzUvPSSDB8G5tKinBIGIZ+sxLJE/ZzEvHT94JKizLx0a6BxUmjGOUNodHsLgAzWEgZ+/eT83ILSktQi/eCcxLJUAE32xgfEAAAA[0mSlave (dockerslave) in workspace /home/workspace/Maven
using credential github
 > git rev-parse --is-inside-work-tree # timeout=10
Fetching changes from the remote Git repository
 > git config remote.origin.url https://github.com/Eternaltraces/PandaApp.git # timeout=10
Fetching upstream changes from https://github.com/Eternaltraces/PandaApp.git
 > git --version # timeout=10
using GIT_ASKPASS to set credentials githubpass
 > git fetch --tags --force --progress -- https://github.com/Eternaltraces/PandaApp.git +refs/heads/*:refs/remotes/origin/* # timeout=10
 > git rev-parse refs/remotes/origin/dev^{commit} # timeout=10
 > git rev-parse refs/remotes/origin/origin/dev^{commit} # timeout=10
Checking out Revision d0327675d12ac2f4cb1f6faa696db7e87b937841 (refs/remotes/origin/dev)
 > git config core.sparsecheckout # timeout=10
 > git checkout -f d0327675d12ac2f4cb1f6faa696db7e87b937841 # timeout=10
Commit message: "seleniumhub IP change"
 > git rev-list --no-walk ee434a0d6235f63091f15e471cdcbd74102cf9f2 # timeout=10
[Maven] $ mvn install -Dmaven.test.skip=true
[[1;34mINFO[m] Scanning for projects...
[[1;34mINFO[m] 
[[1;34mINFO[m] [1m--------------------------< [0;36mpl.pandait:panda[0;1m >--------------------------[m
[[1;34mINFO[m] [1mBuilding panda 1.0.1[m
[[1;34mINFO[m] [1m--------------------------------[ jar ]---------------------------------[m
[[1;34mINFO[m] 
[[1;34mINFO[m] [1m--- [0;32mmaven-resources-plugin:3.1.0:resources[m [1m(default-resources)[m @ [36mpanda[0;1m ---[m
[[1;34mINFO[m] Using 'UTF-8' encoding to copy filtered resources.
[[1;34mINFO[m] Copying 1 resource
[[1;34mINFO[m] Copying 2 resources
[[1;34mINFO[m] 
[[1;34mINFO[m] [1m--- [0;32mmaven-compiler-plugin:3.8.1:compile[m [1m(default-compile)[m @ [36mpanda[0;1m ---[m
[[1;34mINFO[m] Changes detected - recompiling the module!
[[1;34mINFO[m] Compiling 2 source files to /home/workspace/Maven/target/classes
[[1;34mINFO[m] 
[[1;34mINFO[m] [1m--- [0;32mmaven-resources-plugin:3.1.0:testResources[m [1m(default-testResources)[m @ [36mpanda[0;1m ---[m
[[1;34mINFO[m] Not copying test resources
[[1;34mINFO[m] 
[[1;34mINFO[m] [1m--- [0;32mmaven-compiler-plugin:3.8.1:testCompile[m [1m(default-testCompile)[m @ [36mpanda[0;1m ---[m
[[1;34mINFO[m] Not compiling test sources
[[1;34mINFO[m] 
[[1;34mINFO[m] [1m--- [0;32mmaven-surefire-plugin:2.19.1:test[m [1m(default-test)[m @ [36mpanda[0;1m ---[m
[[1;34mINFO[m] Tests are skipped.
[[1;34mINFO[m] 
[[1;34mINFO[m] [1m--- [0;32mmaven-jar-plugin:3.1.2:jar[m [1m(default-jar)[m @ [36mpanda[0;1m ---[m
[[1;34mINFO[m] Building jar: /home/workspace/Maven/target/panda-1.0.1.jar
[[1;34mINFO[m] 
[[1;34mINFO[m] [1m--- [0;32mspring-boot-maven-plugin:2.2.4.RELEASE:repackage[m [1m(repackage)[m @ [36mpanda[0;1m ---[m
[[1;34mINFO[m] Replacing main artifact with repackaged archive
[[1;34mINFO[m] 
[[1;34mINFO[m] [1m--- [0;32mmaven-install-plugin:2.5.2:install[m [1m(default-install)[m @ [36mpanda[0;1m ---[m
[[1;34mINFO[m] Installing /home/workspace/Maven/target/panda-1.0.1.jar to /root/.m2/repository/pl/pandait/panda/1.0.1/panda-1.0.1.jar
[[1;34mINFO[m] Installing /home/workspace/Maven/pom.xml to /root/.m2/repository/pl/pandait/panda/1.0.1/panda-1.0.1.pom
[[1;34mINFO[m] [1m------------------------------------------------------------------------[m
[[1;34mINFO[m] [1;32mBUILD SUCCESS[m
[[1;34mINFO[m] [1m------------------------------------------------------------------------[m
[[1;34mINFO[m] Total time:  3.885 s
[[1;34mINFO[m] Finished at: 2020-03-25T21:04:13Z
[[1;34mINFO[m] [1m------------------------------------------------------------------------[m
[Maven] $ mvn test
[[1;34mINFO[m] Scanning for projects...
[[1;34mINFO[m] 
[[1;34mINFO[m] [1m--------------------------< [0;36mpl.pandait:panda[0;1m >--------------------------[m
[[1;34mINFO[m] [1mBuilding panda 1.0.1[m
[[1;34mINFO[m] [1m--------------------------------[ jar ]---------------------------------[m
[[1;34mINFO[m] 
[[1;34mINFO[m] [1m--- [0;32mmaven-resources-plugin:3.1.0:resources[m [1m(default-resources)[m @ [36mpanda[0;1m ---[m
[[1;34mINFO[m] Using 'UTF-8' encoding to copy filtered resources.
[[1;34mINFO[m] Copying 1 resource
[[1;34mINFO[m] Copying 2 resources
[[1;34mINFO[m] 
[[1;34mINFO[m] [1m--- [0;32mmaven-compiler-plugin:3.8.1:compile[m [1m(default-compile)[m @ [36mpanda[0;1m ---[m
[[1;34mINFO[m] Nothing to compile - all classes are up to date
[[1;34mINFO[m] 
[[1;34mINFO[m] [1m--- [0;32mmaven-resources-plugin:3.1.0:testResources[m [1m(default-testResources)[m @ [36mpanda[0;1m ---[m
[[1;34mINFO[m] Using 'UTF-8' encoding to copy filtered resources.
[[1;34mINFO[m] skip non existing resourceDirectory /home/workspace/Maven/src/test/resources
[[1;34mINFO[m] 
[[1;34mINFO[m] [1m--- [0;32mmaven-compiler-plugin:3.8.1:testCompile[m [1m(default-testCompile)[m @ [36mpanda[0;1m ---[m
[[1;34mINFO[m] Changes detected - recompiling the module!
[[1;34mINFO[m] Compiling 3 source files to /home/workspace/Maven/target/test-classes
[[1;34mINFO[m] 
[[1;34mINFO[m] [1m--- [0;32mmaven-surefire-plugin:2.19.1:test[m [1m(default-test)[m @ [36mpanda[0;1m ---[m

-------------------------------------------------------
 T E S T S
-------------------------------------------------------
Running pl.pandait.panda.HelloControllerTest
21:04:17.674 [main] DEBUG org.springframework.test.context.BootstrapUtils - Instantiating CacheAwareContextLoaderDelegate from class [org.springframework.test.context.cache.DefaultCacheAwareContextLoaderDelegate]
21:04:17.685 [main] DEBUG org.springframework.test.context.BootstrapUtils - Instantiating BootstrapContext using constructor [public org.springframework.test.context.support.DefaultBootstrapContext(java.lang.Class,org.springframework.test.context.CacheAwareContextLoaderDelegate)]
21:04:17.717 [main] DEBUG org.springframework.test.context.BootstrapUtils - Instantiating TestContextBootstrapper for test class [pl.pandait.panda.HelloControllerTest] from class [org.springframework.boot.test.context.SpringBootTestContextBootstrapper]
21:04:17.733 [main] INFO org.springframework.boot.test.context.SpringBootTestContextBootstrapper - Neither @ContextConfiguration nor @ContextHierarchy found for test class [pl.pandait.panda.HelloControllerTest], using SpringBootContextLoader
21:04:17.738 [main] DEBUG org.springframework.test.context.support.AbstractContextLoader - Did not detect default resource location for test class [pl.pandait.panda.HelloControllerTest]: class path resource [pl/pandait/panda/HelloControllerTest-context.xml] does not exist
21:04:17.738 [main] DEBUG org.springframework.test.context.support.AbstractContextLoader - Did not detect default resource location for test class [pl.pandait.panda.HelloControllerTest]: class path resource [pl/pandait/panda/HelloControllerTestContext.groovy] does not exist
21:04:17.739 [main] INFO org.springframework.test.context.support.AbstractContextLoader - Could not detect default resource locations for test class [pl.pandait.panda.HelloControllerTest]: no resource found for suffixes {-context.xml, Context.groovy}.
21:04:17.740 [main] INFO org.springframework.test.context.support.AnnotationConfigContextLoaderUtils - Could not detect default configuration classes for test class [pl.pandait.panda.HelloControllerTest]: HelloControllerTest does not declare any static, non-private, non-final, nested classes annotated with @Configuration.
21:04:17.771 [main] DEBUG org.springframework.test.context.support.ActiveProfilesUtils - Could not find an 'annotation declaring class' for annotation type [org.springframework.test.context.ActiveProfiles] and class [pl.pandait.panda.HelloControllerTest]
21:04:17.852 [main] DEBUG org.springframework.context.annotation.ClassPathScanningCandidateComponentProvider - Identified candidate component class: file [/home/workspace/Maven/target/classes/pl/pandait/panda/PandaApplication.class]
21:04:17.853 [main] INFO org.springframework.boot.test.context.SpringBootTestContextBootstrapper - Found @SpringBootConfiguration pl.pandait.panda.PandaApplication for test class pl.pandait.panda.HelloControllerTest
21:04:17.931 [main] DEBUG org.springframework.boot.test.context.SpringBootTestContextBootstrapper - @TestExecutionListeners is not present for class [pl.pandait.panda.HelloControllerTest]: using defaults.
21:04:17.931 [main] INFO org.springframework.boot.test.context.SpringBootTestContextBootstrapper - Loaded default TestExecutionListener class names from location [META-INF/spring.factories]: [org.springframework.boot.test.mock.mockito.MockitoTestExecutionListener, org.springframework.boot.test.mock.mockito.ResetMocksTestExecutionListener, org.springframework.boot.test.autoconfigure.restdocs.RestDocsTestExecutionListener, org.springframework.boot.test.autoconfigure.web.client.MockRestServiceServerResetTestExecutionListener, org.springframework.boot.test.autoconfigure.web.servlet.MockMvcPrintOnlyOnFailureTestExecutionListener, org.springframework.boot.test.autoconfigure.web.servlet.WebDriverTestExecutionListener, org.springframework.test.context.web.ServletTestExecutionListener, org.springframework.test.context.support.DirtiesContextBeforeModesTestExecutionListener, org.springframework.test.context.support.DependencyInjectionTestExecutionListener, org.springframework.test.context.support.DirtiesContextTestExecutionListener, org.springframework.test.context.transaction.TransactionalTestExecutionListener, org.springframework.test.context.jdbc.SqlScriptsTestExecutionListener, org.springframework.test.context.event.EventPublishingTestExecutionListener]
21:04:17.942 [main] DEBUG org.springframework.boot.test.context.SpringBootTestContextBootstrapper - Skipping candidate TestExecutionListener [org.springframework.test.context.transaction.TransactionalTestExecutionListener] due to a missing dependency. Specify custom listener classes or make the default listener classes and their required dependencies available. Offending class: [org/springframework/transaction/TransactionDefinition]
21:04:17.942 [main] DEBUG org.springframework.boot.test.context.SpringBootTestContextBootstrapper - Skipping candidate TestExecutionListener [org.springframework.test.context.jdbc.SqlScriptsTestExecutionListener] due to a missing dependency. Specify custom listener classes or make the default listener classes and their required dependencies available. Offending class: [org/springframework/transaction/interceptor/TransactionAttribute]
21:04:17.943 [main] INFO org.springframework.boot.test.context.SpringBootTestContextBootstrapper - Using TestExecutionListeners: [org.springframework.test.context.web.ServletTestExecutionListener@437da279, org.springframework.test.context.support.DirtiesContextBeforeModesTestExecutionListener@23c30a20, org.springframework.boot.test.mock.mockito.MockitoTestExecutionListener@1e1a0406, org.springframework.boot.test.autoconfigure.SpringBootDependencyInjectionTestExecutionListener@3cebbb30, org.springframework.test.context.support.DirtiesContextTestExecutionListener@12aba8be, org.springframework.test.context.event.EventPublishingTestExecutionListener@290222c1, org.springframework.boot.test.mock.mockito.ResetMocksTestExecutionListener@67f639d3, org.springframework.boot.test.autoconfigure.restdocs.RestDocsTestExecutionListener@6253c26, org.springframework.boot.test.autoconfigure.web.client.MockRestServiceServerResetTestExecutionListener@49049a04, org.springframework.boot.test.autoconfigure.web.servlet.MockMvcPrintOnlyOnFailureTestExecutionListener@71a8adcf, org.springframework.boot.test.autoconfigure.web.servlet.WebDriverTestExecutionListener@27462a88]
21:04:17.949 [main] DEBUG org.springframework.test.context.support.AbstractDirtiesContextTestExecutionListener - Before test class: context [DefaultTestContext@4b0d79fc testClass = HelloControllerTest, testInstance = [null], testMethod = [null], testException = [null], mergedContextConfiguration = [WebMergedContextConfiguration@4c1909a3 testClass = HelloControllerTest, locations = '{}', classes = '{class pl.pandait.panda.PandaApplication}', contextInitializerClasses = '[]', activeProfiles = '{}', propertySourceLocations = '{}', propertySourceProperties = '{org.springframework.boot.test.context.SpringBootTestContextBootstrapper=true, server.port=0}', contextCustomizers = set[org.springframework.boot.test.context.filter.ExcludeFilterContextCustomizer@3d680b5a, org.springframework.boot.test.json.DuplicateJsonObjectContextCustomizerFactory$DuplicateJsonObjectContextCustomizer@3c419631, org.springframework.boot.test.mock.mockito.MockitoContextCustomizer@0, org.springframework.boot.test.web.client.TestRestTemplateContextCustomizer@654f0d9c, org.springframework.boot.test.autoconfigure.properties.PropertyMappingContextCustomizer@0, org.springframework.boot.test.autoconfigure.web.servlet.WebDriverContextCustomizerFactory$Customizer@15eb5ee5], resourceBasePath = 'src/main/webapp', contextLoader = 'org.springframework.boot.test.context.SpringBootContextLoader', parent = [null]], attributes = map['org.springframework.test.context.web.ServletTestExecutionListener.activateListener' -> false]], class annotated with @DirtiesContext [false] with mode [null].
21:04:17.961 [main] DEBUG org.springframework.test.context.support.DependencyInjectionTestExecutionListener - Performing dependency injection for test context [[DefaultTestContext@4b0d79fc testClass = HelloControllerTest, testInstance = pl.pandait.panda.HelloControllerTest@f09733f, testMethod = [null], testException = [null], mergedContextConfiguration = [WebMergedContextConfiguration@4c1909a3 testClass = HelloControllerTest, locations = '{}', classes = '{class pl.pandait.panda.PandaApplication}', contextInitializerClasses = '[]', activeProfiles = '{}', propertySourceLocations = '{}', propertySourceProperties = '{org.springframework.boot.test.context.SpringBootTestContextBootstrapper=true, server.port=0}', contextCustomizers = set[org.springframework.boot.test.context.filter.ExcludeFilterContextCustomizer@3d680b5a, org.springframework.boot.test.json.DuplicateJsonObjectContextCustomizerFactory$DuplicateJsonObjectContextCustomizer@3c419631, org.springframework.boot.test.mock.mockito.MockitoContextCustomizer@0, org.springframework.boot.test.web.client.TestRestTemplateContextCustomizer@654f0d9c, org.springframework.boot.test.autoconfigure.properties.PropertyMappingContextCustomizer@0, org.springframework.boot.test.autoconfigure.web.servlet.WebDriverContextCustomizerFactory$Customizer@15eb5ee5], resourceBasePath = 'src/main/webapp', contextLoader = 'org.springframework.boot.test.context.SpringBootContextLoader', parent = [null]], attributes = map['org.springframework.test.context.web.ServletTestExecutionListener.activateListener' -> false]]].
21:04:17.982 [main] DEBUG org.springframework.test.context.support.TestPropertySourceUtils - Adding inlined properties to environment: {spring.jmx.enabled=false, org.springframework.boot.test.context.SpringBootTestContextBootstrapper=true, server.port=0}

  .   ____          _            __ _ _
 /\\ / ___'_ __ _ _(_)_ __  __ _ \ \ \ \
( ( )\___ | '_ | '_| | '_ \/ _` | \ \ \ \
 \\/  ___)| |_)| | | | | || (_| |  ) ) ) )
  '  |____| .__|_| |_|_| |_\__, | / / / /
 =========|_|==============|___/=/_/_/_/
 :: Spring Boot ::        (v2.2.4.RELEASE)

2020-03-25 21:04:18.217  INFO 532 --- [           main] pl.pandait.panda.HelloControllerTest     : Starting HelloControllerTest on 72e32ef8b92b with PID 532 (started by root in /home/workspace/Maven)
2020-03-25 21:04:18.219  INFO 532 --- [           main] pl.pandait.panda.HelloControllerTest     : No active profile set, falling back to default profiles: default
2020-03-25 21:04:19.223  INFO 532 --- [           main] o.s.b.w.embedded.tomcat.TomcatWebServer  : Tomcat initialized with port(s): 0 (http)
2020-03-25 21:04:19.238  INFO 532 --- [           main] o.apache.catalina.core.StandardService   : Starting service [Tomcat]
2020-03-25 21:04:19.238  INFO 532 --- [           main] org.apache.catalina.core.StandardEngine  : Starting Servlet engine: [Apache Tomcat/9.0.30]
2020-03-25 21:04:19.330  INFO 532 --- [           main] o.a.c.c.C.[Tomcat].[localhost].[/]       : Initializing Spring embedded WebApplicationContext
2020-03-25 21:04:19.330  INFO 532 --- [           main] o.s.web.context.ContextLoader            : Root WebApplicationContext: initialization completed in 1072 ms
2020-03-25 21:04:19.594  INFO 532 --- [           main] o.s.s.concurrent.ThreadPoolTaskExecutor  : Initializing ExecutorService 'applicationTaskExecutor'
2020-03-25 21:04:19.677  INFO 532 --- [           main] o.s.b.a.w.s.WelcomePageHandlerMapping    : Adding welcome page: class path resource [static/index.html]
2020-03-25 21:04:20.276  INFO 532 --- [           main] o.s.b.w.embedded.tomcat.TomcatWebServer  : Tomcat started on port(s): 45165 (http) with context path ''
2020-03-25 21:04:20.279  INFO 532 --- [           main] pl.pandait.panda.HelloControllerTest     : Started HelloControllerTest in 2.293 seconds (JVM running for 3.198)
2020-03-25 21:04:20.447  INFO 532 --- [           main] o.s.mock.web.MockServletContext          : Initializing Spring TestDispatcherServlet ''
2020-03-25 21:04:20.447  INFO 532 --- [           main] o.s.t.web.servlet.TestDispatcherServlet  : Initializing Servlet ''
2020-03-25 21:04:20.448  INFO 532 --- [           main] o.s.t.web.servlet.TestDispatcherServlet  : Completed initialization in 1 ms
Tests run: 1, Failures: 0, Errors: 0, Skipped: 0, Time elapsed: 2.904 sec - in pl.pandait.panda.HelloControllerTest
Running pl.pandait.panda.PandaApplicationTest
2020-03-25 21:04:20.516  INFO 532 --- [           main] .b.t.c.SpringBootTestContextBootstrapper : Neither @ContextConfiguration nor @ContextHierarchy found for test class [pl.pandait.panda.PandaApplicationTest], using SpringBootContextLoader
2020-03-25 21:04:20.517  INFO 532 --- [           main] o.s.t.c.support.AbstractContextLoader    : Could not detect default resource locations for test class [pl.pandait.panda.PandaApplicationTest]: no resource found for suffixes {-context.xml, Context.groovy}.
2020-03-25 21:04:20.518  INFO 532 --- [           main] t.c.s.AnnotationConfigContextLoaderUtils : Could not detect default configuration classes for test class [pl.pandait.panda.PandaApplicationTest]: PandaApplicationTest does not declare any static, non-private, non-final, nested classes annotated with @Configuration.
2020-03-25 21:04:20.519  INFO 532 --- [           main] .b.t.c.SpringBootTestContextBootstrapper : Found @SpringBootConfiguration pl.pandait.panda.PandaApplication for test class pl.pandait.panda.PandaApplicationTest
2020-03-25 21:04:20.521  INFO 532 --- [           main] .b.t.c.SpringBootTestContextBootstrapper : Loaded default TestExecutionListener class names from location [META-INF/spring.factories]: [org.springframework.boot.test.mock.mockito.MockitoTestExecutionListener, org.springframework.boot.test.mock.mockito.ResetMocksTestExecutionListener, org.springframework.boot.test.autoconfigure.restdocs.RestDocsTestExecutionListener, org.springframework.boot.test.autoconfigure.web.client.MockRestServiceServerResetTestExecutionListener, org.springframework.boot.test.autoconfigure.web.servlet.MockMvcPrintOnlyOnFailureTestExecutionListener, org.springframework.boot.test.autoconfigure.web.servlet.WebDriverTestExecutionListener, org.springframework.test.context.web.ServletTestExecutionListener, org.springframework.test.context.support.DirtiesContextBeforeModesTestExecutionListener, org.springframework.test.context.support.DependencyInjectionTestExecutionListener, org.springframework.test.context.support.DirtiesContextTestExecutionListener, org.springframework.test.context.transaction.TransactionalTestExecutionListener, org.springframework.test.context.jdbc.SqlScriptsTestExecutionListener, org.springframework.test.context.event.EventPublishingTestExecutionListener]
2020-03-25 21:04:20.522  INFO 532 --- [           main] .b.t.c.SpringBootTestContextBootstrapper : Using TestExecutionListeners: [org.springframework.test.context.web.ServletTestExecutionListener@32130e61, org.springframework.test.context.support.DirtiesContextBeforeModesTestExecutionListener@41294371, org.springframework.boot.test.mock.mockito.MockitoTestExecutionListener@4996c99, org.springframework.boot.test.autoconfigure.SpringBootDependencyInjectionTestExecutionListener@1b956cfa, org.springframework.test.context.support.DirtiesContextTestExecutionListener@315f09ef, org.springframework.test.context.event.EventPublishingTestExecutionListener@3a66e67e, org.springframework.boot.test.mock.mockito.ResetMocksTestExecutionListener@75d4a80f, org.springframework.boot.test.autoconfigure.restdocs.RestDocsTestExecutionListener@4596f8f3, org.springframework.boot.test.autoconfigure.web.client.MockRestServiceServerResetTestExecutionListener@ccf91df, org.springframework.boot.test.autoconfigure.web.servlet.MockMvcPrintOnlyOnFailureTestExecutionListener@117d32e, org.springframework.boot.test.autoconfigure.web.servlet.WebDriverTestExecutionListener@51d387d3]

  .   ____          _            __ _ _
 /\\ / ___'_ __ _ _(_)_ __  __ _ \ \ \ \
( ( )\___ | '_ | '_| | '_ \/ _` | \ \ \ \
 \\/  ___)| |_)| | | | | || (_| |  ) ) ) )
  '  |____| .__|_| |_|_| |_\__, | / / / /
 =========|_|==============|___/=/_/_/_/
 :: Spring Boot ::        (v2.2.4.RELEASE)

2020-03-25 21:04:20.565  INFO 532 --- [           main] pl.pandait.panda.PandaApplicationTest    : Starting PandaApplicationTest on 72e32ef8b92b with PID 532 (started by root in /home/workspace/Maven)
2020-03-25 21:04:20.566  INFO 532 --- [           main] pl.pandait.panda.PandaApplicationTest    : No active profile set, falling back to default profiles: default
2020-03-25 21:04:20.848  INFO 532 --- [           main] o.s.s.concurrent.ThreadPoolTaskExecutor  : Initializing ExecutorService 'applicationTaskExecutor'
2020-03-25 21:04:20.871  INFO 532 --- [           main] o.s.b.a.w.s.WelcomePageHandlerMapping    : Adding welcome page: class path resource [static/index.html]
2020-03-25 21:04:20.979  INFO 532 --- [           main] pl.pandait.panda.PandaApplicationTest    : Started PandaApplicationTest in 0.445 seconds (JVM running for 3.899)
Tests run: 1, Failures: 0, Errors: 0, Skipped: 0, Time elapsed: 0.456 sec - in pl.pandait.panda.PandaApplicationTest
2020-03-25 21:04:21.000  INFO 532 --- [extShutdownHook] o.s.s.concurrent.ThreadPoolTaskExecutor  : Shutting down ExecutorService 'applicationTaskExecutor'
2020-03-25 21:04:21.003  INFO 532 --- [extShutdownHook] o.s.s.concurrent.ThreadPoolTaskExecutor  : Shutting down ExecutorService 'applicationTaskExecutor'

Results :

Tests run: 2, Failures: 0, Errors: 0, Skipped: 0

[[1;34mINFO[m] [1m------------------------------------------------------------------------[m
[[1;34mINFO[m] [1;32mBUILD SUCCESS[m
[[1;34mINFO[m] [1m------------------------------------------------------------------------[m
[[1;34mINFO[m] Total time:  6.895 s
[[1;34mINFO[m] Finished at: 2020-03-25T21:04:21Z
[[1;34mINFO[m] [1m------------------------------------------------------------------------[m
[Maven] $ /bin/sh -xe /tmp/jenkins1041468549343133028.sh
+ sleep 5
+ java -jar target/panda-0.0.2-SNAPSHOT.jar target/panda-1.0.1.jar

  .   ____          _            __ _ _
 /\\ / ___'_ __ _ _(_)_ __  __ _ \ \ \ \
( ( )\___ | '_ | '_| | '_ \/ _` | \ \ \ \
 \\/  ___)| |_)| | | | | || (_| |  ) ) ) )
  '  |____| .__|_| |_|_| |_\__, | / / / /
 =========|_|==============|___/=/_/_/_/
 :: Spring Boot ::        (v2.2.4.RELEASE)

2020-03-25 21:04:22.629  INFO 578 --- [           main] pl.pandait.panda.PandaApplication        : Starting PandaApplication v0.0.2-SNAPSHOT on 72e32ef8b92b with PID 578 (/home/workspace/Maven/target/panda-0.0.2-SNAPSHOT.jar started by root in /home/workspace/Maven)
2020-03-25 21:04:22.633  INFO 578 --- [           main] pl.pandait.panda.PandaApplication        : No active profile set, falling back to default profiles: default
2020-03-25 21:04:23.874  INFO 578 --- [           main] o.s.b.w.embedded.tomcat.TomcatWebServer  : Tomcat initialized with port(s): 8080 (http)
2020-03-25 21:04:23.886  INFO 578 --- [           main] o.apache.catalina.core.StandardService   : Starting service [Tomcat]
2020-03-25 21:04:23.887  INFO 578 --- [           main] org.apache.catalina.core.StandardEngine  : Starting Servlet engine: [Apache Tomcat/9.0.30]
2020-03-25 21:04:23.959  INFO 578 --- [           main] o.a.c.c.C.[Tomcat].[localhost].[/]       : Initializing Spring embedded WebApplicationContext
2020-03-25 21:04:23.960  INFO 578 --- [           main] o.s.web.context.ContextLoader            : Root WebApplicationContext: initialization completed in 1246 ms
2020-03-25 21:04:24.170  INFO 578 --- [           main] o.s.s.concurrent.ThreadPoolTaskExecutor  : Initializing ExecutorService 'applicationTaskExecutor'
2020-03-25 21:04:24.263  INFO 578 --- [           main] o.s.b.a.w.s.WelcomePageHandlerMapping    : Adding welcome page: class path resource [static/index.html]
2020-03-25 21:04:24.406  INFO 578 --- [           main] o.s.b.w.embedded.tomcat.TomcatWebServer  : Tomcat started on port(s): 8080 (http) with context path ''
2020-03-25 21:04:24.409  INFO 578 --- [           main] pl.pandait.panda.PandaApplication        : Started PandaApplication in 2.298 seconds (JVM running for 2.848)
Process leaked file descriptors. See https://jenkins.io/redirect/troubleshooting/process-leaked-file-descriptors for more information
[Maven] $ mvn test -Pselenium
[[1;34mINFO[m] Scanning for projects...
[[1;34mINFO[m] 
[[1;34mINFO[m] [1m--------------------------< [0;36mpl.pandait:panda[0;1m >--------------------------[m
[[1;34mINFO[m] [1mBuilding panda 1.0.1[m
[[1;34mINFO[m] [1m--------------------------------[ jar ]---------------------------------[m
[[1;34mINFO[m] 
[[1;34mINFO[m] [1m--- [0;32mmaven-resources-plugin:3.1.0:resources[m [1m(default-resources)[m @ [36mpanda[0;1m ---[m
[[1;34mINFO[m] Using 'UTF-8' encoding to copy filtered resources.
[[1;34mINFO[m] Copying 1 resource
[[1;34mINFO[m] Copying 2 resources
[[1;34mINFO[m] 
[[1;34mINFO[m] [1m--- [0;32mmaven-compiler-plugin:3.8.1:compile[m [1m(default-compile)[m @ [36mpanda[0;1m ---[m
[[1;34mINFO[m] Nothing to compile - all classes are up to date
[[1;34mINFO[m] 
[[1;34mINFO[m] [1m--- [0;32mmaven-resources-plugin:3.1.0:testResources[m [1m(default-testResources)[m @ [36mpanda[0;1m ---[m
[[1;34mINFO[m] Using 'UTF-8' encoding to copy filtered resources.
[[1;34mINFO[m] skip non existing resourceDirectory /home/workspace/Maven/src/test/resources
[[1;34mINFO[m] 
[[1;34mINFO[m] [1m--- [0;32mmaven-compiler-plugin:3.8.1:testCompile[m [1m(default-testCompile)[m @ [36mpanda[0;1m ---[m
[[1;34mINFO[m] Nothing to compile - all classes are up to date
[[1;34mINFO[m] 
[[1;34mINFO[m] [1m--- [0;32mmaven-surefire-plugin:2.19.1:test[m [1m(default-test)[m @ [36mpanda[0;1m ---[m

-------------------------------------------------------
 T E S T S
-------------------------------------------------------
Running pl.pandait.panda.PandaApplicationSeleniumTest
Mar 25, 2020 9:04:44 PM org.openqa.selenium.remote.ProtocolHandshake createSession
INFO: Detected dialect: W3C
Tests run: 1, Failures: 0, Errors: 1, Skipped: 0, Time elapsed: 7.634 sec <<< FAILURE! - in pl.pandait.panda.PandaApplicationSeleniumTest
pl.pandait.panda.PandaApplicationSeleniumTest  Time elapsed: 7.633 sec  <<< ERROR!
org.openqa.selenium.WebDriverException: 
Reached error page: about:neterror?e=connectionFailure&u=http%3A//192.168.56.102%3A8080/&c=UTF-8&f=regular&d=Firefox%20can%E2%80%99t%20establish%20a%20connection%20to%20the%20server%20at%20192.168.56.102%3A8080.
Build info: version: '3.141.59', revision: 'e82be7d358', time: '2018-11-14T08:17:03'
System info: host: '72e32ef8b92b', ip: '192.168.32.5', os.name: 'Linux', os.arch: 'amd64', os.version: '5.3.0-42-generic', java.version: '1.8.0_201'
Driver info: org.openqa.selenium.remote.RemoteWebDriver
Capabilities {acceptInsecureCerts: true, browserName: firefox, browserVersion: 73.0, javascriptEnabled: true, moz:accessibilityChecks: false, moz:buildID: 20200207195153, moz:geckodriverVersion: 0.26.0, moz:headless: false, moz:processID: 479, moz:profile: /tmp/rust_mozprofileR1WIS8, moz:shutdownTimeout: 60000, moz:useNonSpecCompliantPointerOrigin: false, moz:webdriverClick: true, pageLoadStrategy: normal, platform: LINUX, platformName: LINUX, platformVersion: 5.3.0-42-generic, rotatable: false, setWindowRect: true, strictFileInteractability: false, timeouts: {implicit: 0, pageLoad: 300000, script: 30000}, unhandledPromptBehavior: dismiss and notify, webdriver.remote.sessionid: f6ec131c-941b-4119-b751-446...}
Session ID: f6ec131c-941b-4119-b751-446e34cfde2e
	at pl.pandait.panda.PandaApplicationSeleniumTest.startup(PandaApplicationSeleniumTest.java:35)


Results :

Tests in error: 
  PandaApplicationSeleniumTest.startup:35 Â» WebDriver Reached error page: about:...

Tests run: 1, Failures: 0, Errors: 1, Skipped: 0

[[1;34mINFO[m] [1m------------------------------------------------------------------------[m
[[1;34mINFO[m] [1;31mBUILD FAILURE[m
[[1;34mINFO[m] [1m------------------------------------------------------------------------[m
[[1;34mINFO[m] Total time:  10.709 s
[[1;34mINFO[m] Finished at: 2020-03-25T21:04:48Z
[[1;34mINFO[m] [1m------------------------------------------------------------------------[m
[[1;31mERROR[m] Failed to execute goal [32morg.apache.maven.plugins:maven-surefire-plugin:2.19.1:test[m [1m(default-test)[m on project [36mpanda[m: [1;31mThere are test failures.[m
[[1;31mERROR[m] [1;31m[m
[[1;31mERROR[m] [1;31mPlease refer to /home/workspace/Maven/target/surefire-reports for the individual test results.[m
[[1;31mERROR[m] -> [1m[Help 1][m
[[1;31mERROR[m] 
[[1;31mERROR[m] To see the full stack trace of the errors, re-run Maven with the [1m-e[m switch.
[[1;31mERROR[m] Re-run Maven using the [1m-X[m switch to enable full debug logging.
[[1;31mERROR[m] 
[[1;31mERROR[m] For more information about the errors and possible solutions, please read the following articles:
[[1;31mERROR[m] [1m[Help 1][m http://cwiki.apache.org/confluence/display/MAVEN/MojoFailureException
Build step 'Invoke top-level Maven targets' marked build as failure
2020-03-25 21:04:48.421  INFO 578 --- [extShutdownHook] o.s.s.concurrent.ThreadPoolTaskExecutor  : Shutting down ExecutorService 'applicationTaskExecutor'
Finished: FAILURE
